{"/Users/meetrupani/radhika outlier/google-drive-clone-mvp/src/lib/api-client.ts": {"path":"/Users/meetrupani/radhika outlier/google-drive-clone-mvp/src/lib/api-client.ts","statementMap":{"0":{"start":{"line":1,"column":17},"end":{"line":1,"column":23}},"1":{"start":{"line":3,"column":18},"end":{"line":8,"column":1}},"2":{"start":{"line":4,"column":18},"end":{"line":4,"column":50}},"3":{"start":{"line":5,"column":2},"end":{"line":5,"column":28}},"4":{"start":{"line":5,"column":16},"end":{"line":5,"column":28}},"5":{"start":{"line":6,"column":15},"end":{"line":6,"column":34}},"6":{"start":{"line":7,"column":2},"end":{"line":7,"column":17}},"7":{"start":{"line":10,"column":19},"end":{"line":16,"column":1}},"8":{"start":{"line":11,"column":17},"end":{"line":11,"column":28}},"9":{"start":{"line":12,"column":2},"end":{"line":15,"column":4}},"10":{"start":{"line":18,"column":23},"end":{"line":42,"column":1}},"11":{"start":{"line":25,"column":19},"end":{"line":35,"column":4}},"12":{"start":{"line":37,"column":2},"end":{"line":39,"column":null}},"13":{"start":{"line":38,"column":4},"end":{"line":38,"column":42}},"14":{"start":{"line":41,"column":2},"end":{"line":41,"column":25}},"15":{"start":{"line":18,"column":13},"end":{"line":18,"column":23}},"16":{"start":{"line":44,"column":24},"end":{"line":63,"column":1}},"17":{"start":{"line":49,"column":17},"end":{"line":49,"column":38}},"18":{"start":{"line":50,"column":2},"end":{"line":50,"column":52}},"19":{"start":{"line":50,"column":16},"end":{"line":50,"column":52}},"20":{"start":{"line":51,"column":2},"end":{"line":51,"column":48}},"21":{"start":{"line":51,"column":15},"end":{"line":51,"column":48}},"22":{"start":{"line":52,"column":2},"end":{"line":52,"column":48}},"23":{"start":{"line":52,"column":15},"end":{"line":52,"column":48}},"24":{"start":{"line":54,"column":19},"end":{"line":56,"column":4}},"25":{"start":{"line":58,"column":2},"end":{"line":60,"column":null}},"26":{"start":{"line":59,"column":4},"end":{"line":59,"column":43}},"27":{"start":{"line":62,"column":2},"end":{"line":62,"column":25}},"28":{"start":{"line":44,"column":13},"end":{"line":44,"column":24}},"29":{"start":{"line":65,"column":26},"end":{"line":77,"column":1}},"30":{"start":{"line":66,"column":19},"end":{"line":70,"column":4}},"31":{"start":{"line":72,"column":2},"end":{"line":74,"column":null}},"32":{"start":{"line":73,"column":4},"end":{"line":73,"column":45}},"33":{"start":{"line":76,"column":2},"end":{"line":76,"column":25}},"34":{"start":{"line":65,"column":13},"end":{"line":65,"column":26}},"35":{"start":{"line":79,"column":24},"end":{"line":91,"column":1}},"36":{"start":{"line":80,"column":19},"end":{"line":84,"column":4}},"37":{"start":{"line":86,"column":2},"end":{"line":88,"column":null}},"38":{"start":{"line":87,"column":4},"end":{"line":87,"column":43}},"39":{"start":{"line":90,"column":2},"end":{"line":90,"column":25}},"40":{"start":{"line":79,"column":13},"end":{"line":79,"column":24}},"41":{"start":{"line":93,"column":25},"end":{"line":105,"column":1}},"42":{"start":{"line":94,"column":19},"end":{"line":98,"column":4}},"43":{"start":{"line":100,"column":2},"end":{"line":102,"column":null}},"44":{"start":{"line":101,"column":4},"end":{"line":101,"column":44}},"45":{"start":{"line":104,"column":2},"end":{"line":104,"column":25}},"46":{"start":{"line":93,"column":13},"end":{"line":93,"column":25}},"47":{"start":{"line":107,"column":26},"end":{"line":118,"column":1}},"48":{"start":{"line":108,"column":19},"end":{"line":111,"column":4}},"49":{"start":{"line":113,"column":2},"end":{"line":115,"column":null}},"50":{"start":{"line":114,"column":4},"end":{"line":114,"column":45}},"51":{"start":{"line":117,"column":2},"end":{"line":117,"column":25}},"52":{"start":{"line":107,"column":13},"end":{"line":107,"column":26}},"53":{"start":{"line":120,"column":25},"end":{"line":135,"column":1}},"54":{"start":{"line":121,"column":19},"end":{"line":128,"column":4}},"55":{"start":{"line":130,"column":2},"end":{"line":132,"column":null}},"56":{"start":{"line":131,"column":4},"end":{"line":131,"column":44}},"57":{"start":{"line":134,"column":2},"end":{"line":134,"column":25}},"58":{"start":{"line":120,"column":13},"end":{"line":120,"column":25}},"59":{"start":{"line":137,"column":28},"end":{"line":149,"column":1}},"60":{"start":{"line":138,"column":19},"end":{"line":142,"column":4}},"61":{"start":{"line":144,"column":2},"end":{"line":146,"column":null}},"62":{"start":{"line":145,"column":4},"end":{"line":145,"column":47}},"63":{"start":{"line":148,"column":2},"end":{"line":148,"column":25}},"64":{"start":{"line":137,"column":13},"end":{"line":137,"column":28}},"65":{"start":{"line":151,"column":26},"end":{"line":163,"column":1}},"66":{"start":{"line":152,"column":19},"end":{"line":156,"column":4}},"67":{"start":{"line":158,"column":2},"end":{"line":160,"column":null}},"68":{"start":{"line":159,"column":4},"end":{"line":159,"column":45}},"69":{"start":{"line":162,"column":2},"end":{"line":162,"column":25}},"70":{"start":{"line":151,"column":13},"end":{"line":151,"column":26}},"71":{"start":{"line":165,"column":27},"end":{"line":177,"column":1}},"72":{"start":{"line":166,"column":19},"end":{"line":170,"column":4}},"73":{"start":{"line":172,"column":2},"end":{"line":174,"column":null}},"74":{"start":{"line":173,"column":4},"end":{"line":173,"column":46}},"75":{"start":{"line":176,"column":2},"end":{"line":176,"column":25}},"76":{"start":{"line":165,"column":13},"end":{"line":165,"column":27}},"77":{"start":{"line":179,"column":28},"end":{"line":190,"column":1}},"78":{"start":{"line":180,"column":19},"end":{"line":183,"column":4}},"79":{"start":{"line":185,"column":2},"end":{"line":187,"column":null}},"80":{"start":{"line":186,"column":4},"end":{"line":186,"column":47}},"81":{"start":{"line":189,"column":2},"end":{"line":189,"column":25}},"82":{"start":{"line":179,"column":13},"end":{"line":179,"column":28}},"83":{"start":{"line":193,"column":19},"end":{"line":196,"column":4}},"84":{"start":{"line":198,"column":2},"end":{"line":200,"column":null}},"85":{"start":{"line":199,"column":4},"end":{"line":199,"column":46}},"86":{"start":{"line":202,"column":2},"end":{"line":202,"column":25}},"87":{"start":{"line":192,"column":0},"end":{"line":192,"column":7}}},"fnMap":{"0":{"name":"(anonymous_0)","decl":{"start":{"line":3,"column":18},"end":{"line":3,"column":36}},"loc":{"start":{"line":3,"column":38},"end":{"line":8,"column":1}}},"1":{"name":"(anonymous_1)","decl":{"start":{"line":10,"column":19},"end":{"line":10,"column":22}},"loc":{"start":{"line":10,"column":24},"end":{"line":16,"column":1}}},"2":{"name":"(anonymous_2)","decl":{"start":{"line":18,"column":23},"end":{"line":18,"column":28}},"loc":{"start":{"line":24,"column":4},"end":{"line":42,"column":1}}},"3":{"name":"(anonymous_3)","decl":{"start":{"line":44,"column":24},"end":{"line":44,"column":29}},"loc":{"start":{"line":48,"column":4},"end":{"line":63,"column":1}}},"4":{"name":"(anonymous_4)","decl":{"start":{"line":65,"column":26},"end":{"line":65,"column":31}},"loc":{"start":{"line":65,"column":69},"end":{"line":77,"column":1}}},"5":{"name":"(anonymous_5)","decl":{"start":{"line":79,"column":24},"end":{"line":79,"column":29}},"loc":{"start":{"line":79,"column":69},"end":{"line":91,"column":1}}},"6":{"name":"(anonymous_6)","decl":{"start":{"line":93,"column":25},"end":{"line":93,"column":30}},"loc":{"start":{"line":93,"column":70},"end":{"line":105,"column":1}}},"7":{"name":"(anonymous_7)","decl":{"start":{"line":107,"column":26},"end":{"line":107,"column":31}},"loc":{"start":{"line":107,"column":51},"end":{"line":118,"column":1}}},"8":{"name":"(anonymous_8)","decl":{"start":{"line":120,"column":25},"end":{"line":120,"column":30}},"loc":{"start":{"line":120,"column":73},"end":{"line":135,"column":1}}},"9":{"name":"(anonymous_9)","decl":{"start":{"line":137,"column":28},"end":{"line":137,"column":33}},"loc":{"start":{"line":137,"column":75},"end":{"line":149,"column":1}}},"10":{"name":"(anonymous_10)","decl":{"start":{"line":151,"column":26},"end":{"line":151,"column":31}},"loc":{"start":{"line":151,"column":73},"end":{"line":163,"column":1}}},"11":{"name":"(anonymous_11)","decl":{"start":{"line":165,"column":27},"end":{"line":165,"column":32}},"loc":{"start":{"line":165,"column":74},"end":{"line":177,"column":1}}},"12":{"name":"(anonymous_12)","decl":{"start":{"line":179,"column":28},"end":{"line":179,"column":33}},"loc":{"start":{"line":179,"column":55},"end":{"line":190,"column":1}}},"13":{"name":"getFolderById","decl":{"start":{"line":192,"column":22},"end":{"line":192,"column":35}},"loc":{"start":{"line":192,"column":52},"end":{"line":203,"column":1}}}},"branchMap":{"0":{"loc":{"start":{"line":5,"column":2},"end":{"line":5,"column":28}},"type":"if","locations":[{"start":{"line":5,"column":2},"end":{"line":5,"column":28}},{"start":{},"end":{}}]},"1":{"loc":{"start":{"line":14,"column":17},"end":{"line":14,"column":29}},"type":"binary-expr","locations":[{"start":{"line":14,"column":17},"end":{"line":14,"column":23}},{"start":{"line":14,"column":27},"end":{"line":14,"column":29}}]},"2":{"loc":{"start":{"line":37,"column":2},"end":{"line":39,"column":null}},"type":"if","locations":[{"start":{"line":37,"column":2},"end":{"line":39,"column":null}},{"start":{},"end":{}}]},"3":{"loc":{"start":{"line":50,"column":2},"end":{"line":50,"column":52}},"type":"if","locations":[{"start":{"line":50,"column":2},"end":{"line":50,"column":52}},{"start":{},"end":{}}]},"4":{"loc":{"start":{"line":51,"column":2},"end":{"line":51,"column":48}},"type":"if","locations":[{"start":{"line":51,"column":2},"end":{"line":51,"column":48}},{"start":{},"end":{}}]},"5":{"loc":{"start":{"line":52,"column":2},"end":{"line":52,"column":48}},"type":"if","locations":[{"start":{"line":52,"column":2},"end":{"line":52,"column":48}},{"start":{},"end":{}}]},"6":{"loc":{"start":{"line":58,"column":2},"end":{"line":60,"column":null}},"type":"if","locations":[{"start":{"line":58,"column":2},"end":{"line":60,"column":null}},{"start":{},"end":{}}]},"7":{"loc":{"start":{"line":72,"column":2},"end":{"line":74,"column":null}},"type":"if","locations":[{"start":{"line":72,"column":2},"end":{"line":74,"column":null}},{"start":{},"end":{}}]},"8":{"loc":{"start":{"line":86,"column":2},"end":{"line":88,"column":null}},"type":"if","locations":[{"start":{"line":86,"column":2},"end":{"line":88,"column":null}},{"start":{},"end":{}}]},"9":{"loc":{"start":{"line":100,"column":2},"end":{"line":102,"column":null}},"type":"if","locations":[{"start":{"line":100,"column":2},"end":{"line":102,"column":null}},{"start":{},"end":{}}]},"10":{"loc":{"start":{"line":113,"column":2},"end":{"line":115,"column":null}},"type":"if","locations":[{"start":{"line":113,"column":2},"end":{"line":115,"column":null}},{"start":{},"end":{}}]},"11":{"loc":{"start":{"line":130,"column":2},"end":{"line":132,"column":null}},"type":"if","locations":[{"start":{"line":130,"column":2},"end":{"line":132,"column":null}},{"start":{},"end":{}}]},"12":{"loc":{"start":{"line":144,"column":2},"end":{"line":146,"column":null}},"type":"if","locations":[{"start":{"line":144,"column":2},"end":{"line":146,"column":null}},{"start":{},"end":{}}]},"13":{"loc":{"start":{"line":158,"column":2},"end":{"line":160,"column":null}},"type":"if","locations":[{"start":{"line":158,"column":2},"end":{"line":160,"column":null}},{"start":{},"end":{}}]},"14":{"loc":{"start":{"line":172,"column":2},"end":{"line":174,"column":null}},"type":"if","locations":[{"start":{"line":172,"column":2},"end":{"line":174,"column":null}},{"start":{},"end":{}}]},"15":{"loc":{"start":{"line":185,"column":2},"end":{"line":187,"column":null}},"type":"if","locations":[{"start":{"line":185,"column":2},"end":{"line":187,"column":null}},{"start":{},"end":{}}]},"16":{"loc":{"start":{"line":198,"column":2},"end":{"line":200,"column":null}},"type":"if","locations":[{"start":{"line":198,"column":2},"end":{"line":200,"column":null}},{"start":{},"end":{}}]}},"s":{"0":1,"1":1,"2":13,"3":13,"4":13,"5":0,"6":0,"7":1,"8":13,"9":13,"10":1,"11":0,"12":0,"13":0,"14":0,"15":1,"16":1,"17":2,"18":2,"19":1,"20":2,"21":1,"22":2,"23":0,"24":2,"25":2,"26":1,"27":1,"28":1,"29":1,"30":1,"31":1,"32":0,"33":1,"34":1,"35":1,"36":1,"37":1,"38":0,"39":1,"40":1,"41":1,"42":1,"43":1,"44":0,"45":1,"46":1,"47":1,"48":1,"49":1,"50":0,"51":1,"52":1,"53":1,"54":1,"55":1,"56":0,"57":1,"58":1,"59":1,"60":1,"61":1,"62":0,"63":1,"64":1,"65":1,"66":1,"67":1,"68":0,"69":1,"70":1,"71":1,"72":1,"73":1,"74":0,"75":1,"76":1,"77":1,"78":1,"79":1,"80":0,"81":1,"82":1,"83":2,"84":2,"85":1,"86":1,"87":1},"f":{"0":13,"1":13,"2":0,"3":2,"4":1,"5":1,"6":1,"7":1,"8":1,"9":1,"10":1,"11":1,"12":1,"13":2},"b":{"0":[13,0],"1":[13,13],"2":[0,0],"3":[1,1],"4":[1,1],"5":[0,2],"6":[1,1],"7":[0,1],"8":[0,1],"9":[0,1],"10":[0,1],"11":[0,1],"12":[0,1],"13":[0,1],"14":[0,1],"15":[0,1],"16":[1,1]}}
,"/Users/meetrupani/radhika outlier/google-drive-clone-mvp/src/pages/api/auth/login.ts": {"path":"/Users/meetrupani/radhika outlier/google-drive-clone-mvp/src/pages/api/auth/login.ts","statementMap":{"0":{"start":{"line":2,"column":0},"end":{"line":2,"column":40}},"1":{"start":{"line":8,"column":2},"end":{"line":10,"column":null}},"2":{"start":{"line":9,"column":4},"end":{"line":9,"column":67}},"3":{"start":{"line":12,"column":2},"end":{"line":43,"column":null}},"4":{"start":{"line":13,"column":32},"end":{"line":13,"column":40}},"5":{"start":{"line":15,"column":17},"end":{"line":24,"column":6}},"6":{"start":{"line":26,"column":4},"end":{"line":28,"column":null}},"7":{"start":{"line":27,"column":6},"end":{"line":27,"column":70}},"8":{"start":{"line":30,"column":4},"end":{"line":32,"column":null}},"9":{"start":{"line":31,"column":6},"end":{"line":31,"column":70}},"10":{"start":{"line":34,"column":52},"end":{"line":34,"column":56}},"11":{"start":{"line":34,"column":47},"end":{"line":34,"column":52}},"12":{"start":{"line":36,"column":4},"end":{"line":39,"column":7}},"13":{"start":{"line":41,"column":4},"end":{"line":41,"column":41}},"14":{"start":{"line":42,"column":4},"end":{"line":42,"column":70}},"15":{"start":{"line":4,"column":0},"end":{"line":4,"column":15}}},"fnMap":{"0":{"name":"handler","decl":{"start":{"line":4,"column":30},"end":{"line":4,"column":37}},"loc":{"start":{"line":6,"column":22},"end":{"line":44,"column":1}}}},"branchMap":{"0":{"loc":{"start":{"line":8,"column":2},"end":{"line":10,"column":null}},"type":"if","locations":[{"start":{"line":8,"column":2},"end":{"line":10,"column":null}},{"start":{},"end":{}}]},"1":{"loc":{"start":{"line":26,"column":4},"end":{"line":28,"column":null}},"type":"if","locations":[{"start":{"line":26,"column":4},"end":{"line":28,"column":null}},{"start":{},"end":{}}]},"2":{"loc":{"start":{"line":30,"column":4},"end":{"line":32,"column":null}},"type":"if","locations":[{"start":{"line":30,"column":4},"end":{"line":32,"column":null}},{"start":{},"end":{}}]}},"s":{"0":1,"1":5,"2":1,"3":4,"4":4,"5":4,"6":3,"7":1,"8":2,"9":1,"10":1,"11":1,"12":1,"13":1,"14":1,"15":1},"f":{"0":5},"b":{"0":[1,4],"1":[1,2],"2":[1,1]}}
}
