TN:
SF:src/lib/api-client.ts
FN:3,(anonymous_0)
FN:10,(anonymous_1)
FN:18,(anonymous_2)
FN:44,(anonymous_3)
FN:65,(anonymous_4)
FN:79,(anonymous_5)
FN:93,(anonymous_6)
FN:107,(anonymous_7)
FN:120,(anonymous_8)
FN:137,(anonymous_9)
FN:151,(anonymous_10)
FN:165,(anonymous_11)
FN:179,(anonymous_12)
FN:192,getFolderById
FNF:14
FNH:13
FNDA:13,(anonymous_0)
FNDA:13,(anonymous_1)
FNDA:0,(anonymous_2)
FNDA:2,(anonymous_3)
FNDA:1,(anonymous_4)
FNDA:1,(anonymous_5)
FNDA:1,(anonymous_6)
FNDA:1,(anonymous_7)
FNDA:1,(anonymous_8)
FNDA:1,(anonymous_9)
FNDA:1,(anonymous_10)
FNDA:1,(anonymous_11)
FNDA:1,(anonymous_12)
FNDA:2,getFolderById
DA:1,1
DA:3,1
DA:4,13
DA:5,13
DA:6,0
DA:7,0
DA:10,1
DA:11,13
DA:12,13
DA:18,1
DA:25,0
DA:37,0
DA:38,0
DA:41,0
DA:44,1
DA:49,2
DA:50,2
DA:51,2
DA:52,2
DA:54,2
DA:58,2
DA:59,1
DA:62,1
DA:65,1
DA:66,1
DA:72,1
DA:73,0
DA:76,1
DA:79,1
DA:80,1
DA:86,1
DA:87,0
DA:90,1
DA:93,1
DA:94,1
DA:100,1
DA:101,0
DA:104,1
DA:107,1
DA:108,1
DA:113,1
DA:114,0
DA:117,1
DA:120,1
DA:121,1
DA:130,1
DA:131,0
DA:134,1
DA:137,1
DA:138,1
DA:144,1
DA:145,0
DA:148,1
DA:151,1
DA:152,1
DA:158,1
DA:159,0
DA:162,1
DA:165,1
DA:166,1
DA:172,1
DA:173,0
DA:176,1
DA:179,1
DA:180,1
DA:185,1
DA:186,0
DA:189,1
DA:192,1
DA:193,2
DA:198,2
DA:199,1
DA:202,1
LF:73
LH:58
BRDA:5,0,0,13
BRDA:5,0,1,0
BRDA:14,1,0,13
BRDA:14,1,1,13
BRDA:37,2,0,0
BRDA:37,2,1,0
BRDA:50,3,0,1
BRDA:50,3,1,1
BRDA:51,4,0,1
BRDA:51,4,1,1
BRDA:52,5,0,0
BRDA:52,5,1,2
BRDA:58,6,0,1
BRDA:58,6,1,1
BRDA:72,7,0,0
BRDA:72,7,1,1
BRDA:86,8,0,0
BRDA:86,8,1,1
BRDA:100,9,0,0
BRDA:100,9,1,1
BRDA:113,10,0,0
BRDA:113,10,1,1
BRDA:130,11,0,0
BRDA:130,11,1,1
BRDA:144,12,0,0
BRDA:144,12,1,1
BRDA:158,13,0,0
BRDA:158,13,1,1
BRDA:172,14,0,0
BRDA:172,14,1,1
BRDA:185,15,0,0
BRDA:185,15,1,1
BRDA:198,16,0,1
BRDA:198,16,1,1
BRF:34
BRH:21
end_of_record
TN:
SF:src/pages/api/auth/login.ts
FN:4,handler
FNF:1
FNH:1
FNDA:5,handler
DA:2,1
DA:4,1
DA:8,5
DA:9,1
DA:12,4
DA:13,4
DA:15,4
DA:26,3
DA:27,1
DA:30,2
DA:31,1
DA:34,1
DA:36,1
DA:41,1
DA:42,1
LF:15
LH:15
BRDA:8,0,0,1
BRDA:8,0,1,4
BRDA:26,1,0,1
BRDA:26,1,1,2
BRDA:30,2,0,1
BRDA:30,2,1,1
BRF:6
BRH:6
end_of_record
